2025/12/07 17:24:36 [notice] 1#1: using the "epoll" event method
2025/12/07 17:24:36 [notice] 1#1: nginx/1.27.2
2025/12/07 17:24:36 [notice] 1#1: built by gcc 12.2.0 (Debian 12.2.0-14) 
2025/12/07 17:24:36 [notice] 1#1: OS: Linux 6.6.87.2-microsoft-standard-WSL2
2025/12/07 17:24:36 [notice] 1#1: getrlimit(RLIMIT_NOFILE): 1048576:1048576
2025/12/07 17:24:36 [notice] 1#1: start worker processes
2025/12/07 17:24:36 [notice] 1#1: start worker process 29
2025/12/07 17:24:36 [notice] 1#1: start worker process 30
2025/12/07 17:24:36 [notice] 1#1: start worker process 31
2025/12/07 17:24:36 [notice] 1#1: start worker process 32
2025/12/07 17:24:36 [notice] 1#1: start worker process 33
2025/12/07 17:24:36 [notice] 1#1: start worker process 34
2025/12/07 17:24:36 [notice] 1#1: start worker process 35
2025/12/07 17:24:36 [notice] 1#1: start worker process 36
2025/12/07 17:24:36 [notice] 1#1: start worker process 37
2025/12/07 17:24:36 [notice] 1#1: start worker process 38
2025/12/07 17:24:36 [notice] 1#1: start worker process 39
2025/12/07 17:24:36 [notice] 1#1: start worker process 40
2025/12/07 17:24:36 [notice] 1#1: start worker process 41
2025/12/07 17:24:36 [notice] 1#1: start worker process 42
2025/12/07 17:24:36 [notice] 1#1: start worker process 43
2025/12/07 17:24:36 [notice] 1#1: start worker process 44
2025/12/07 17:24:36 [notice] 1#1: start worker process 45
2025/12/07 17:24:36 [notice] 1#1: start worker process 46
2025/12/07 17:24:36 [notice] 1#1: start worker process 47
2025/12/07 17:24:36 [notice] 1#1: start worker process 48
2025/12/07 17:24:36 [notice] 1#1: start worker process 49
2025/12/07 17:24:36 [notice] 1#1: start worker process 50
2025/12/07 18:06:21 [notice] 1#1: using the "epoll" event method
2025/12/07 18:06:21 [notice] 1#1: nginx/1.27.2
2025/12/07 18:06:21 [notice] 1#1: built by gcc 12.2.0 (Debian 12.2.0-14) 
2025/12/07 18:06:21 [notice] 1#1: OS: Linux 6.6.87.2-microsoft-standard-WSL2
2025/12/07 18:06:21 [notice] 1#1: getrlimit(RLIMIT_NOFILE): 1048576:1048576
2025/12/07 18:06:21 [notice] 1#1: start worker processes
2025/12/07 18:06:21 [notice] 1#1: start worker process 22
2025/12/07 18:06:21 [notice] 1#1: start worker process 23
2025/12/07 18:06:21 [notice] 1#1: start worker process 24
2025/12/07 18:06:21 [notice] 1#1: start worker process 25
2025/12/07 18:06:21 [notice] 1#1: start worker process 26
2025/12/07 18:06:21 [notice] 1#1: start worker process 27
2025/12/07 18:06:21 [notice] 1#1: start worker process 28
2025/12/07 18:06:21 [notice] 1#1: start worker process 29
2025/12/07 18:06:21 [notice] 1#1: start worker process 30
2025/12/07 18:06:21 [notice] 1#1: start worker process 31
2025/12/07 18:06:21 [notice] 1#1: start worker process 32
2025/12/07 18:06:21 [notice] 1#1: start worker process 33
2025/12/07 18:06:21 [notice] 1#1: start worker process 34
2025/12/07 18:06:21 [notice] 1#1: start worker process 35
2025/12/07 18:06:21 [notice] 1#1: start worker process 36
2025/12/07 18:06:21 [notice] 1#1: start worker process 37
2025/12/07 18:06:21 [notice] 1#1: start worker process 38
2025/12/07 18:06:21 [notice] 1#1: start worker process 39
2025/12/07 18:06:21 [notice] 1#1: start worker process 40
2025/12/07 18:06:21 [notice] 1#1: start worker process 41
2025/12/07 18:06:21 [notice] 1#1: start worker process 42
2025/12/07 18:06:21 [notice] 1#1: start worker process 43
2025/12/07 10:00:00 [error] 1111#0: *1 connect() failed (111: Connection refused) while connecting to upstream, client: 127.0.0.1, server: localhost, upstream: "http://database:3306"
2025/12/07 10:00:00 [error] 1111#0: *1 connect() failed (111: Connection refused) while connecting to upstream, client: 127.0.0.1, server: localhost, upstream: "http://database:3306"
2025/12/07 10:00:00 [error] 1111#0: *1 connect() failed (111: Connection refused) while connecting to upstream, client: 127.0.0.1, server: localhost, upstream: "http://database:3306"
2025/12/07 10:00:00 [error] 1111#0: *1 connect() failed (111: Connection refused) while connecting to upstream, client: 127.0.0.1, server: localhost, upstream: "http://database:3306"
2025/12/07 10:20:00 [error] 666#0: Fast test connection refused
2025/12/07 10:00:00 [error] 1111#0: *1 connect() failed (111: Connection refused) while connecting to upstream, client: 127.0.0.1, server: localhost, upstream: "http://database:3306"
2025/12/07 10:00:00 [error] 1111#0: *1 connect() failed (111: Connection refused) while connecting to upstream, client: 127.0.0.1, server: localhost, upstream: "http://database:3306"
2025/12/07 10:00:00 [error] 1111#0: *1 connect() failed (111: Connection refused) while connecting to upstream, client: 127.0.0.1, server: localhost, upstream: "http://database:3306"
2025/12/07 10:00:00 [error] 1111#0: *1 connect() failed (111: Connection refused) while connecting to upstream, client: 127.0.0.1, server: localhost, upstream: "http://database:3306"
2025/12/07 10:00:00 [error] 1111#0: *1 connect() failed (111: Connection refused) while connecting to upstream, client: 127.0.0.1, server: localhost, upstream: "http://database:3306"
2025/12/07 12:00:00 [error] 404#0: Small model speed test
2025/12/07 12:00:00 [error] 404#0: Small model speed test
